0 info it worked if it ends with ok
1 verbose cli [ '/Users/andybell/.nvm/versions/node/v6.7.0/bin/node',
1 verbose cli   '/Users/andybell/.nvm/versions/node/v6.7.0/bin/npm',
1 verbose cli   'publish' ]
2 info using npm@3.10.3
3 info using node@v6.7.0
4 verbose publish [ '.' ]
5 silly cache add args [ '.', null ]
6 verbose cache add spec .
7 silly cache add parsed spec Result {
7 silly cache add   raw: '.',
7 silly cache add   scope: null,
7 silly cache add   escapedName: null,
7 silly cache add   name: null,
7 silly cache add   rawSpec: '.',
7 silly cache add   spec: '/Users/andybell/Documents/Projects/typemate',
7 silly cache add   type: 'directory' }
8 verbose addLocalDirectory /Users/andybell/.npm/typemate/0.2.1/package.tgz not in flight; packing
9 verbose correctMkdir /Users/andybell/.npm correctMkdir not in flight; initializing
10 info lifecycle typemate@0.2.1~prepublish: typemate@0.2.1
11 silly lifecycle typemate@0.2.1~prepublish: no script for prepublish, continuing
12 verbose tar pack [ '/Users/andybell/.npm/typemate/0.2.1/package.tgz',
12 verbose tar pack   '/Users/andybell/Documents/Projects/typemate' ]
13 verbose tarball /Users/andybell/.npm/typemate/0.2.1/package.tgz
14 verbose folder /Users/andybell/Documents/Projects/typemate
15 verbose addLocalTarball adding from inside cache /Users/andybell/.npm/typemate/0.2.1/package.tgz
16 verbose correctMkdir /Users/andybell/.npm correctMkdir not in flight; initializing
17 silly cache afterAdd typemate@0.2.1
18 verbose afterAdd /Users/andybell/.npm/typemate/0.2.1/package/package.json not in flight; writing
19 verbose correctMkdir /Users/andybell/.npm correctMkdir not in flight; initializing
20 verbose afterAdd /Users/andybell/.npm/typemate/0.2.1/package/package.json written
21 silly publish { name: 'typemate',
21 silly publish   version: '0.2.1',
21 silly publish   description: 'A little JavaScript module that fixes your typesetting Edit',
21 silly publish   main: 'src/typemate.js',
21 silly publish   scripts: { build: 'browserify src/typemate.js -o dist/typemate.js -t babelify && uglifyjs --compress --mangle -o dist/typemate.min.js -- dist/typemate.js ' },
21 silly publish   repository:
21 silly publish    { type: 'git',
21 silly publish      url: 'git+https://github.com/hankchizljaw/typemate.git' },
21 silly publish   author: { name: 'hankchizljaw' },
21 silly publish   license: 'MIT',
21 silly publish   bugs: { url: 'https://github.com/hankchizljaw/typemate/issues' },
21 silly publish   homepage: 'https://github.com/hankchizljaw/typemate#readme',
21 silly publish   devDependencies:
21 silly publish    { 'babel-cli': '^6.26.0',
21 silly publish      'babel-core': '^6.26.0',
21 silly publish      'babel-plugin-transform-es2015-modules-commonjs': '^6.26.0',
21 silly publish      'babel-plugin-transform-object-rest-spread': '^6.26.0',
21 silly publish      'babel-preset-env': '^1.6.1',
21 silly publish      babelify: '^8.0.0',
21 silly publish      uglifyjs: '^2.4.11' },
21 silly publish   readme: '# TypeMate\nTypeMate is a little JavaScript module that fixes your typesetting woes automatically. Right now it only fixes widows, but the plan is to add more filters in the future that fix other typesetting issues such as line-length (rag).\n\n## Getting started\n\nYou can use the dist version of this module by adding it to your page like so: \n```html\n<script src="https://cdn.rawgit.com/hankchizljaw/typemate/f48a1e8f/dist/typemate.min.js" async defer></script>\n```\n\nYou can also install it as a dependancy with npm:\n\n`npm install typemate`\n\nThen import it:\n\n`import TypeMate from \'typemate\'`\n\nAt its most basic level, we create `TypeMate` instance and it\'ll look for all of the `<p>` elements on your page.\n\n```javascript\nconst typeMateInstance = new TypeMate();\n\n// Run it\ntypeMateInstance.apply();\n```\n\nYou can also pass it a parent element to work with. This is really useful if you only want typemate to focus on a particular element, such as an article. \n\nTake this markup sample: \n\n```html\n<article id="content">\n    <p>Etiam porta sem malesuada magna mollis euismod.</p>\n</article>\n```\n\nWe can target that particular article\'s content like so: \n\n```javascript\nconst articleElement = document.getElementById(\'content\');\nconst typeMateInstance = new TypeMate(articleElement);\n\n// Run it\ntypeMateInstance.apply();\n```\n\nNow only that `<p>` element within `article#content` will be affected by TypeMate.\n\n## Settings\nYou can pass an object of settings as the second parameter when you construct TypeMate. Using the instantiation example from above, we\'ll add some settings like so:\n\n```javascript\nconst articleElement = document.getElementById(\'content\', { selector: \'h2, p\' });\nconst typeMateInstance = new TypeMate(articleElement);\n\n// Run it\ntypeMateInstance.apply();\n```\n\nThat settings object now allows `<h2>` elements within `article#content` to be processed by TypeMate.\n\n### Settings reference\n\n| Property      | Type   | Description                              | Default Value         |\n| ------------- | ------ | ---------------------------------------- | --------------------- |\n| `minWords`    | Number | The minimum amount of words that have to be present in an element\'s content before TypeMate will process it | 4                     |\n| `selector`    | String | The selector string that\'s passed to `querySelectorAll` | \'p\'                   |\n| `ignoreClass` | String | The CSS class that can be added to an element to mark itself as ignorable to TypeMate | \'js-typemate__ignore\' |\n\n## Codepen example\n\nCheck out an example of TypeMate over at CodePen: https://codepen.io/hankchizljaw/full/ae899f4d1f206d1a3231ff0fffb2c436\n\nMade with ❤️ by [HankChizlJaw](https://twitter.com/hankchizljaw).',
21 silly publish   readmeFilename: 'README.md',
21 silly publish   gitHead: 'a32ef3d72bd59be1e6493cc654d84fa7deef42b2',
21 silly publish   _id: 'typemate@0.2.1',
21 silly publish   _shasum: 'feac64b8e46cb01c362c9ca840d47414a8192a94',
21 silly publish   _from: '.' }
22 verbose getPublishConfig undefined
23 silly mapToRegistry name typemate
24 silly mapToRegistry using default registry
25 silly mapToRegistry registry https://registry.npmjs.org/
26 silly mapToRegistry data Result {
26 silly mapToRegistry   raw: 'typemate',
26 silly mapToRegistry   scope: null,
26 silly mapToRegistry   escapedName: 'typemate',
26 silly mapToRegistry   name: 'typemate',
26 silly mapToRegistry   rawSpec: '',
26 silly mapToRegistry   spec: 'latest',
26 silly mapToRegistry   type: 'tag' }
27 silly mapToRegistry uri https://registry.npmjs.org/typemate
28 verbose publish registryBase https://registry.npmjs.org/
29 silly publish uploading /Users/andybell/.npm/typemate/0.2.1/package.tgz
30 verbose request uri https://registry.npmjs.org/typemate
31 verbose request sending authorization for write operation
32 info attempt registry request try #1 at 11:08:28 PM
33 verbose request using bearer token for auth
34 verbose request id 55b64e3608101442
35 http request PUT https://registry.npmjs.org/typemate
36 http 403 https://registry.npmjs.org/typemate
37 verbose headers { 'content-type': 'application/json',
37 verbose headers   'cache-control': 'max-age=300',
37 verbose headers   'content-length': '91',
37 verbose headers   'accept-ranges': 'bytes',
37 verbose headers   date: 'Wed, 20 Dec 2017 23:08:30 GMT',
37 verbose headers   via: '1.1 varnish',
37 verbose headers   connection: 'keep-alive',
37 verbose headers   'x-served-by': 'cache-lhr6347-LHR',
37 verbose headers   'x-cache': 'MISS',
37 verbose headers   'x-cache-hits': '0',
37 verbose headers   'x-timer': 'S1513811309.056853,VS0,VE1377',
37 verbose headers   vary: 'Accept-Encoding, Accept' }
38 verbose request invalidating /Users/andybell/.npm/registry.npmjs.org/typemate on PUT
39 error publish Failed PUT 403
40 verbose stack Error: You cannot publish over the previously published version 0.2.1. : typemate
40 verbose stack     at makeError (/Users/andybell/.nvm/versions/node/v6.7.0/lib/node_modules/npm/node_modules/npm-registry-client/lib/request.js:264:12)
40 verbose stack     at CachingRegistryClient.<anonymous> (/Users/andybell/.nvm/versions/node/v6.7.0/lib/node_modules/npm/node_modules/npm-registry-client/lib/request.js:252:14)
40 verbose stack     at Request._callback (/Users/andybell/.nvm/versions/node/v6.7.0/lib/node_modules/npm/node_modules/npm-registry-client/lib/request.js:172:14)
40 verbose stack     at Request.self.callback (/Users/andybell/.nvm/versions/node/v6.7.0/lib/node_modules/npm/node_modules/request/request.js:200:22)
40 verbose stack     at emitTwo (events.js:106:13)
40 verbose stack     at Request.emit (events.js:191:7)
40 verbose stack     at Request.<anonymous> (/Users/andybell/.nvm/versions/node/v6.7.0/lib/node_modules/npm/node_modules/request/request.js:1067:10)
40 verbose stack     at emitOne (events.js:101:20)
40 verbose stack     at Request.emit (events.js:188:7)
40 verbose stack     at IncomingMessage.<anonymous> (/Users/andybell/.nvm/versions/node/v6.7.0/lib/node_modules/npm/node_modules/request/request.js:988:12)
41 verbose statusCode 403
42 verbose pkgid typemate
43 verbose cwd /Users/andybell/Documents/Projects/typemate
44 error Darwin 17.3.0
45 error argv "/Users/andybell/.nvm/versions/node/v6.7.0/bin/node" "/Users/andybell/.nvm/versions/node/v6.7.0/bin/npm" "publish"
46 error node v6.7.0
47 error npm  v3.10.3
48 error code E403
49 error You cannot publish over the previously published version 0.2.1. : typemate
50 error If you need help, you may report this error at:
50 error     <https://github.com/npm/npm/issues>
51 verbose exit [ 1, true ]
